app/build/intermediates/manifest_merge_blame_file/debug/processDebugMainManifest/manifest-merger-blame-debug-report.txt
1<?xml version="1.0" encoding="utf-8"?>
2<manifest xmlns:android="http://schemas.android.com/apk/res/android"
3    package="com.crsmthw.phase10tracker"
4    android:versionCode="4"
5    android:versionName="3.0.0" >
6
7    <uses-sdk
7-->INJECTED
8        android:minSdkVersion="35"
8-->INJECTED
9        android:targetSdkVersion="37" />
9-->INJECTED
10
11    <permission
11-->[androidx.core:core:1.18.0] AndroidManifest.xml:22:5-24:47
12        android:name="com.crsmthw.phase10tracker.DYNAMIC_RECEIVER_NOT_EXPORTED_PERMISSION"
12-->[androidx.core:core:1.18.0] AndroidManifest.xml:23:9-81
13        android:protectionLevel="signature" />
13-->[androidx.core:core:1.18.0] AndroidManifest.xml:24:9-44
14
15    <uses-permission android:name="com.crsmthw.phase10tracker.DYNAMIC_RECEIVER_NOT_EXPORTED_PERMISSION" />
15-->[androidx.core:core:1.18.0] AndroidManifest.xml:26:5-97
15-->[androidx.core:core:1.18.0] AndroidManifest.xml:26:22-94
16
17    <application
17-->src/main/AndroidManifest.xml:4:5-22:19
18        android:allowBackup="true"
18-->src/main/AndroidManifest.xml:5:9-35
19        android:appComponentFactory="androidx.core.app.CoreComponentFactory"
19-->[androidx.core:core:1.18.0] AndroidManifest.xml:28:18-86
20        android:debuggable="true"
21        android:enableOnBackInvokedCallback="true"
21-->src/main/AndroidManifest.xml:10:9-51
22        android:extractNativeLibs="false"
22-->INJECTED
23        android:icon="@mipmap/ic_launcher"
23-->src/main/AndroidManifest.xml:6:9-43
24        android:label="Phase 10 Tracker"
24-->src/main/AndroidManifest.xml:7:9-41
25        android:roundIcon="@mipmap/ic_launcher_round"
25-->src/main/AndroidManifest.xml:8:9-54
26        android:supportsRtl="true"
26-->src/main/AndroidManifest.xml:8:62-88
27        android:testOnly="true"
28        android:theme="@style/Theme.Phase10Tracker" >
28-->src/main/AndroidManifest.xml:9:9-52
29        <activity
29-->src/main/AndroidManifest.xml:12:9-20:20
30            android:name="com.crsmthw.phase10tracker.MainActivity"
30-->src/main/AndroidManifest.xml:13:13-41
31            android:exported="true"
31-->src/main/AndroidManifest.xml:14:13-36
32            android:windowSoftInputMode="adjustResize" >
32-->src/main/AndroidManifest.xml:15:13-55
33            <intent-filter>
33-->src/main/AndroidManifest.xml:16:13-19:29
34                <action android:name="android.intent.action.MAIN" />
34-->src/main/AndroidManifest.xml:17:17-69
34-->src/main/AndroidManifest.xml:17:25-66
35
36                <category android:name="android.intent.category.LAUNCHER" />
36-->src/main/AndroidManifest.xml:18:17-77
36-->src/main/AndroidManifest.xml:18:27-74
37            </intent-filter>
38        </activity>
39        <activity
39-->[androidx.compose.ui:ui-test-manifest:1.12.0-alpha02] AndroidManifest.xml:23:9-26:79
40            android:name="androidx.activity.ComponentActivity"
40-->[androidx.compose.ui:ui-test-manifest:1.12.0-alpha02] AndroidManifest.xml:24:13-63
41            android:exported="true"
41-->[androidx.compose.ui:ui-test-manifest:1.12.0-alpha02] AndroidManifest.xml:25:13-36
42            android:theme="@android:style/Theme.Material.Light.NoActionBar" />
42-->[androidx.compose.ui:ui-test-manifest:1.12.0-alpha02] AndroidManifest.xml:26:13-76
43
44        <provider
44-->[androidx.emoji2:emoji2:1.4.0] AndroidManifest.xml:24:9-32:20
45            android:name="androidx.startup.InitializationProvider"
45-->[androidx.emoji2:emoji2:1.4.0] AndroidManifest.xml:25:13-67
46            android:authorities="com.crsmthw.phase10tracker.androidx-startup"
46-->[androidx.emoji2:emoji2:1.4.0] AndroidManifest.xml:26:13-68
47            android:exported="false" >
47-->[androidx.emoji2:emoji2:1.4.0] AndroidManifest.xml:27:13-37
48            <meta-data
48-->[androidx.emoji2:emoji2:1.4.0] AndroidManifest.xml:29:13-31:52
49                android:name="androidx.emoji2.text.EmojiCompatInitializer"
49-->[androidx.emoji2:emoji2:1.4.0] AndroidManifest.xml:30:17-75
50                android:value="androidx.startup" />
50-->[androidx.emoji2:emoji2:1.4.0] AndroidManifest.xml:31:17-49
51            <meta-data
51-->[androidx.lifecycle:lifecycle-process:2.10.0] AndroidManifest.xml:29:13-31:52
52                android:name="androidx.lifecycle.ProcessLifecycleInitializer"
52-->[androidx.lifecycle:lifecycle-process:2.10.0] AndroidManifest.xml:30:17-78
53                android:value="androidx.startup" />
53-->[androidx.lifecycle:lifecycle-process:2.10.0] AndroidManifest.xml:31:17-49
54            <meta-data
54-->[androidx.profileinstaller:profileinstaller:1.4.0] AndroidManifest.xml:29:13-31:52
55                android:name="androidx.profileinstaller.ProfileInstallerInitializer"
55-->[androidx.profileinstaller:profileinstaller:1.4.0] AndroidManifest.xml:30:17-85
56                android:value="androidx.startup" />
56-->[androidx.profileinstaller:profileinstaller:1.4.0] AndroidManifest.xml:31:17-49
57        </provider>
58
59        <uses-library
59-->[androidx.window:window:1.5.1] AndroidManifest.xml:23:9-25:40
60            android:name="androidx.window.extensions"
60-->[androidx.window:window:1.5.1] AndroidManifest.xml:24:13-54
61            android:required="false" />
61-->[androidx.window:window:1.5.1] AndroidManifest.xml:25:13-37
62        <uses-library
62-->[androidx.window:window:1.5.1] AndroidManifest.xml:26:9-28:40
63            android:name="androidx.window.sidecar"
63-->[androidx.window:window:1.5.1] AndroidManifest.xml:27:13-51
64            android:required="false" />
64-->[androidx.window:window:1.5.1] AndroidManifest.xml:28:13-37
65
66        <activity
66-->[androidx.compose.ui:ui-tooling-android:1.12.0-alpha02] AndroidManifest.xml:23:9-25:39
67            android:name="androidx.compose.ui.tooling.PreviewActivity"
67-->[androidx.compose.ui:ui-tooling-android:1.12.0-alpha02] AndroidManifest.xml:24:13-71
68            android:exported="true" />
68-->[androidx.compose.ui:ui-tooling-android:1.12.0-alpha02] AndroidManifest.xml:25:13-36
69
70        <service
70-->[androidx.room:room-runtime-android:2.8.4] AndroidManifest.xml:24:9-28:63
71            android:name="androidx.room.MultiInstanceInvalidationService"
71-->[androidx.room:room-runtime-android:2.8.4] AndroidManifest.xml:25:13-74
72            android:directBootAware="true"
72-->[androidx.room:room-runtime-android:2.8.4] AndroidManifest.xml:26:13-43
73            android:exported="false" />
73-->[androidx.room:room-runtime-android:2.8.4] AndroidManifest.xml:27:13-37
74
75        <receiver
75-->[androidx.profileinstaller:profileinstaller:1.4.0] AndroidManifest.xml:34:9-52:20
76            android:name="androidx.profileinstaller.ProfileInstallReceiver"
76-->[androidx.profileinstaller:profileinstaller:1.4.0] AndroidManifest.xml:35:13-76
77            android:directBootAware="false"
77-->[androidx.profileinstaller:profileinstaller:1.4.0] AndroidManifest.xml:36:13-44
78            android:enabled="true"
78-->[androidx.profileinstaller:profileinstaller:1.4.0] AndroidManifest.xml:37:13-35
79            android:exported="true"
79-->[androidx.profileinstaller:profileinstaller:1.4.0] AndroidManifest.xml:38:13-36
80            android:permission="android.permission.DUMP" >
80-->[androidx.profileinstaller:profileinstaller:1.4.0] AndroidManifest.xml:39:13-57
81            <intent-filter>
81-->[androidx.profileinstaller:profileinstaller:1.4.0] AndroidManifest.xml:40:13-42:29
82                <action android:name="androidx.profileinstaller.action.INSTALL_PROFILE" />
82-->[androidx.profileinstaller:profileinstaller:1.4.0] AndroidManifest.xml:41:17-91
82-->[androidx.profileinstaller:profileinstaller:1.4.0] AndroidManifest.xml:41:25-88
83            </intent-filter>
84            <intent-filter>
84-->[androidx.profileinstaller:profileinstaller:1.4.0] AndroidManifest.xml:43:13-45:29
85                <action android:name="androidx.profileinstaller.action.SKIP_FILE" />
85-->[androidx.profileinstaller:profileinstaller:1.4.0] AndroidManifest.xml:44:17-85
85-->[androidx.profileinstaller:profileinstaller:1.4.0] AndroidManifest.xml:44:25-82
86            </intent-filter>
87            <intent-filter>
87-->[androidx.profileinstaller:profileinstaller:1.4.0] AndroidManifest.xml:46:13-48:29
88                <action android:name="androidx.profileinstaller.action.SAVE_PROFILE" />
88-->[androidx.profileinstaller:profileinstaller:1.4.0] AndroidManifest.xml:47:17-88
88-->[androidx.profileinstaller:profileinstaller:1.4.0] AndroidManifest.xml:47:25-85
89            </intent-filter>
90            <intent-filter>
90-->[androidx.profileinstaller:profileinstaller:1.4.0] AndroidManifest.xml:49:13-51:29
91                <action android:name="androidx.profileinstaller.action.BENCHMARK_OPERATION" />
91-->[androidx.profileinstaller:profileinstaller:1.4.0] AndroidManifest.xml:50:17-95
91-->[androidx.profileinstaller:profileinstaller:1.4.0] AndroidManifest.xml:50:25-92
92            </intent-filter>
93        </receiver>
94    </application>
95
96</manifest>